LINK : warning LNK4098: библиотека по умолчанию "MSVCRT" противоречит использованию других библиотек; используйте параметр /NODEFAULTLIB:library
Abberation.obj : error LNK2019: ссылка на неразрешенный внешний символ "public: __cdecl cv::Exception::Exception(int,class std::basic_string<char,struct std::char_traits<char>,class std::allocator<char> > const &,class std::basic_string<char,struct std::char_traits<char>,class std::allocator<char> > const &,class std::basic_string<char,struct std::char_traits<char>,class std::allocator<char> > const &,int)" (??0Exception@cv@@QEAA@HAEBV?$basic_string@DU?$char_traits@D@std@@V?$allocator@D@2@@std@@00H@Z) в функции "public: class cv::Vec<unsigned char,3> & __cdecl cv::Mat::at<class cv::Vec<unsigned char,3> >(class cv::Point_<int>)" (??$at@V?$Vec@E$02@cv@@@Mat@cv@@QEAAAEAV?$Vec@E$02@1@V?$Point_@H@1@@Z)
Abberation.obj : error LNK2019: ссылка на неразрешенный внешний символ "public: virtual __cdecl cv::Exception::~Exception(void)" (??1Exception@cv@@UEAA@XZ) в функции "public: class cv::Vec<unsigned char,3> & __cdecl cv::Mat::at<class cv::Vec<unsigned char,3> >(class cv::Point_<int>)" (??$at@V?$Vec@E$02@cv@@@Mat@cv@@QEAAAEAV?$Vec@E$02@1@V?$Point_@H@1@@Z)
Abberation.obj : error LNK2019: ссылка на неразрешенный внешний символ "void __cdecl cv::error(class cv::Exception const &)" (?error@cv@@YAXAEBVException@1@@Z) в функции "public: class cv::Vec<unsigned char,3> & __cdecl cv::Mat::at<class cv::Vec<unsigned char,3> >(class cv::Point_<int>)" (??$at@V?$Vec@E$02@cv@@@Mat@cv@@QEAAAEAV?$Vec@E$02@1@V?$Point_@H@1@@Z)
Abberation.obj : error LNK2019: ссылка на неразрешенный внешний символ "void * __cdecl cv::fastMalloc(unsigned __int64)" (?fastMalloc@cv@@YAPEAX_K@Z) в функции "public: __cdecl cv::Ptr<class cv::SimpleBlobDetector>::Ptr<class cv::SimpleBlobDetector>(class cv::SimpleBlobDetector *)" (??0?$Ptr@VSimpleBlobDetector@cv@@@cv@@QEAA@PEAVSimpleBlobDetector@1@@Z)
Abberation.obj : error LNK2019: ссылка на неразрешенный внешний символ "void __cdecl cv::fastFree(void *)" (?fastFree@cv@@YAXPEAX@Z) в функции "public: __cdecl cv::Mat::~Mat(void)" (??1Mat@cv@@QEAA@XZ)
Abberation.obj : error LNK2019: ссылка на неразрешенный внешний символ "public: __cdecl cv::_InputArray::_InputArray(class cv::Mat const &)" (??0_InputArray@cv@@QEAA@AEBVMat@1@@Z) в функции main
Abberation.obj : error LNK2019: ссылка на неразрешенный внешний символ "public: class cv::Mat & __cdecl cv::Mat::operator=(class cv::Scalar_<double> const &)" (??4Mat@cv@@QEAAAEAV01@AEBV?$Scalar_@N@1@@Z) в функции "public: __cdecl cv::Mat::Mat(int,int,int,class cv::Scalar_<double> const &)" (??0Mat@cv@@QEAA@HHHAEBV?$Scalar_@N@1@@Z)
Abberation.obj : error LNK2019: ссылка на неразрешенный внешний символ "public: void __cdecl cv::Mat::create(int,int const *,int)" (?create@Mat@cv@@QEAAXHPEBHH@Z) в функции "public: void __cdecl cv::Mat::create(int,int,int)" (?create@Mat@cv@@QEAAXHHH@Z)
Abberation.obj : error LNK2019: ссылка на неразрешенный внешний символ "public: void __cdecl cv::Mat::deallocate(void)" (?deallocate@Mat@cv@@QEAAXXZ) в функции "public: void __cdecl cv::Mat::release(void)" (?release@Mat@cv@@QEAAXXZ)
Abberation.obj : error LNK2019: ссылка на неразрешенный внешний символ "public: void __cdecl cv::Mat::copySize(class cv::Mat const &)" (?copySize@Mat@cv@@QEAAXAEBV12@@Z) в функции "public: __cdecl cv::Mat::Mat(class cv::Mat const &)" (??0Mat@cv@@QEAA@AEBV01@@Z)
Abberation.obj : error LNK2019: ссылка на неразрешенный внешний символ "void __cdecl cv::split(class cv::Mat const &,class cv::Mat *)" (?split@cv@@YAXAEBVMat@1@PEAV21@@Z) в функции main
Abberation.obj : error LNK2019: ссылка на неразрешенный внешний символ "int __cdecl cv::_interlockedExchangeAdd(int *,int)" (?_interlockedExchangeAdd@cv@@YAHPEAHH@Z) в функции "public: __cdecl cv::Mat::Mat(class cv::Mat const &)" (??0Mat@cv@@QEAA@AEBV01@@Z)
Abberation.obj : error LNK2019: ссылка на неразрешенный внешний символ "public: void __cdecl cv::FeatureDetector::detect(class cv::Mat const &,class std::vector<class cv::KeyPoint,class std::allocator<class cv::KeyPoint> > &,class cv::Mat const &)const " (?detect@FeatureDetector@cv@@QEBAXAEBVMat@2@AEAV?$vector@VKeyPoint@cv@@V?$allocator@VKeyPoint@cv@@@std@@@std@@0@Z) в функции main
Abberation.obj : error LNK2019: ссылка на неразрешенный внешний символ "public: __cdecl cv::SimpleBlobDetector::Params::Params(void)" (??0Params@SimpleBlobDetector@cv@@QEAA@XZ) в функции "void __cdecl `dynamic initializer for 'params''(void)" (??__Eparams@@YAXXZ)
Abberation.obj : error LNK2019: ссылка на неразрешенный внешний символ "public: __cdecl cv::SimpleBlobDetector::SimpleBlobDetector(struct cv::SimpleBlobDetector::Params const &)" (??0SimpleBlobDetector@cv@@QEAA@AEBUParams@01@@Z) в функции main
Abberation.obj : error LNK2019: ссылка на неразрешенный внешний символ "int __cdecl cv::waitKey(int)" (?waitKey@cv@@YAHH@Z) в функции main
Abberation.obj : error LNK2019: ссылка на неразрешенный внешний символ "void __cdecl cv::imshow(class std::basic_string<char,struct std::char_traits<char>,class std::allocator<char> > const &,class cv::_InputArray const &)" (?imshow@cv@@YAXAEBV?$basic_string@DU?$char_traits@D@std@@V?$allocator@D@2@@std@@AEBV_InputArray@1@@Z) в функции main
Abberation.obj : error LNK2019: ссылка на неразрешенный внешний символ "class cv::Mat __cdecl cv::imread(class std::basic_string<char,struct std::char_traits<char>,class std::allocator<char> > const &,int)" (?imread@cv@@YA?AVMat@1@AEBV?$basic_string@DU?$char_traits@D@std@@V?$allocator@D@2@@std@@H@Z) в функции main
C:\Users\Dmitry\source\repos\Abberation\x64\Debug\Abberation.exe : fatal error LNK1120: неразрешенных внешних элементов: 18
